<?xml version="1.0" encoding="UTF-8"?>
<testng-results ignored="0" total="1" passed="1" failed="0" skipped="0">
  <reporter-output>
  </reporter-output>
  <suite started-at="2022-10-07T11:28:41 IST" name="Suite" finished-at="2022-10-07T11:28:55 IST" duration-ms="13952">
    <groups>
    </groups>
    <test started-at="2022-10-07T11:28:41 IST" name="Test" finished-at="2022-10-07T11:28:55 IST" duration-ms="13952">
      <class name="test.NewTest">
        <test-method is-config="true" signature="beforeTest()[pri:0, instance:test.NewTest@72035809]" started-at="2022-10-07T11:28:41 IST" name="beforeTest" finished-at="2022-10-07T11:28:52 IST" duration-ms="11063" status="PASS">
          <reporter-output>
          </reporter-output>
        </test-method> <!-- beforeTest -->
        <test-method signature="f()[pri:0, instance:test.NewTest@72035809]" started-at="2022-10-07T11:28:52 IST" name="f" finished-at="2022-10-07T11:28:54 IST" duration-ms="2519" status="PASS">
          <reporter-output>
          </reporter-output>
        </test-method> <!-- f -->
        <test-method is-config="true" signature="afterTest()[pri:0, instance:test.NewTest@72035809]" started-at="2022-10-07T11:28:54 IST" name="afterTest" finished-at="2022-10-07T11:28:55 IST" duration-ms="312" status="PASS">
          <reporter-output>
          </reporter-output>
        </test-method> <!-- afterTest -->
      </class> <!-- test.NewTest -->
    </test> <!-- Test -->
  </suite> <!-- Suite -->
</testng-results>
